2019-09-25 09:57:48.888  INFO 988 --- [main] c.m.l.LoadtransactionsApplication        : Starting LoadtransactionsApplication on Viktor-Dell with PID 988 (C:\Users\ulku\Documents\domaci_ukol_java\loadtransactions\target\classes started by ulku in C:\Users\ulku\Documents\domaci_ukol_java\loadtransactions)
2019-09-25 09:57:48.917  INFO 988 --- [main] c.m.l.LoadtransactionsApplication        : No active profile set, falling back to default profiles: default
2019-09-25 09:57:49.511  INFO 988 --- [main] .s.d.r.c.RepositoryConfigurationDelegate : Bootstrapping Spring Data repositories in DEFAULT mode.
2019-09-25 09:57:49.635  INFO 988 --- [main] .s.d.r.c.RepositoryConfigurationDelegate : Finished Spring Data repository scanning in 114ms. Found 1 repository interfaces.
2019-09-25 09:57:50.711  INFO 988 --- [main] org.mongodb.driver.cluster               : Cluster created with settings {hosts=[localhost:27017], mode=SINGLE, requiredClusterType=UNKNOWN, serverSelectionTimeout='30000 ms', maxWaitQueueSize=500}
2019-09-25 09:57:50.800  INFO 988 --- [cluster-ClusterId{value='5d8b1dfee20cc203dc906c13', description='null'}-localhost:27017] org.mongodb.driver.connection            : Opened connection [connectionId{localValue:1, serverValue:16}] to localhost:27017
2019-09-25 09:57:50.808  INFO 988 --- [cluster-ClusterId{value='5d8b1dfee20cc203dc906c13', description='null'}-localhost:27017] org.mongodb.driver.cluster               : Monitor thread successfully connected to server with description ServerDescription{address=localhost:27017, type=STANDALONE, state=CONNECTED, ok=true, version=ServerVersion{versionList=[4, 2, 0]}, minWireVersion=0, maxWireVersion=8, maxDocumentSize=16777216, logicalSessionTimeoutMinutes=30, roundTripTimeNanos=5426971}
2019-09-25 09:57:51.485  INFO 988 --- [main] c.m.l.LoadtransactionsApplication        : Started LoadtransactionsApplication in 3.104 seconds (JVM running for 3.697)
2019-09-25 09:57:51.647  INFO 988 --- [main] .s.d.r.c.RepositoryConfigurationDelegate : Bootstrapping Spring Data repositories in DEFAULT mode.
2019-09-25 09:57:51.667  INFO 988 --- [main] .s.d.r.c.RepositoryConfigurationDelegate : Finished Spring Data repository scanning in 19ms. Found 1 repository interfaces.
2019-09-25 09:57:51.732  INFO 988 --- [main] org.mongodb.driver.cluster               : Cluster created with settings {hosts=[localhost:27017], mode=SINGLE, requiredClusterType=UNKNOWN, serverSelectionTimeout='30000 ms', maxWaitQueueSize=500}
2019-09-25 09:57:51.780  INFO 988 --- [cluster-ClusterId{value='5d8b1dffe20cc203dc906c14', description='null'}-localhost:27017] org.mongodb.driver.connection            : Opened connection [connectionId{localValue:2, serverValue:17}] to localhost:27017
2019-09-25 09:57:51.795  INFO 988 --- [cluster-ClusterId{value='5d8b1dffe20cc203dc906c14', description='null'}-localhost:27017] org.mongodb.driver.cluster               : Monitor thread successfully connected to server with description ServerDescription{address=localhost:27017, type=STANDALONE, state=CONNECTED, ok=true, version=ServerVersion{versionList=[4, 2, 0]}, minWireVersion=0, maxWireVersion=8, maxDocumentSize=16777216, logicalSessionTimeoutMinutes=30, roundTripTimeNanos=13645857}
2019-09-25 09:57:52.015  INFO 988 --- [main] org.mongodb.driver.connection            : Opened connection [connectionId{localValue:3, serverValue:18}] to localhost:27017
2019-09-25 09:57:52.300  INFO 988 --- [main] org.mongodb.driver.connection            : Closed connection [connectionId{localValue:3, serverValue:18}] to localhost:27017 because the pool has been closed.
2019-09-25 10:23:39.396  INFO 3220 --- [main] c.m.l.LoadtransactionsApplication        : Starting LoadtransactionsApplication on Viktor-Dell with PID 3220 (C:\Users\ulku\Documents\domaci_ukol_java\loadtransactions\target\classes started by ulku in C:\Users\ulku\Documents\domaci_ukol_java\loadtransactions)
2019-09-25 10:23:39.401  INFO 3220 --- [main] c.m.l.LoadtransactionsApplication        : No active profile set, falling back to default profiles: default
2019-09-25 10:23:39.949  INFO 3220 --- [main] .s.d.r.c.RepositoryConfigurationDelegate : Bootstrapping Spring Data repositories in DEFAULT mode.
2019-09-25 10:23:40.089  INFO 3220 --- [main] .s.d.r.c.RepositoryConfigurationDelegate : Finished Spring Data repository scanning in 132ms. Found 1 repository interfaces.
2019-09-25 10:23:41.295  INFO 3220 --- [main] org.mongodb.driver.cluster               : Cluster created with settings {hosts=[localhost:27017], mode=SINGLE, requiredClusterType=UNKNOWN, serverSelectionTimeout='30000 ms', maxWaitQueueSize=500}
2019-09-25 10:23:41.383  INFO 3220 --- [cluster-ClusterId{value='5d8b240de20cc20c9458950d', description='null'}-localhost:27017] org.mongodb.driver.connection            : Opened connection [connectionId{localValue:1, serverValue:75}] to localhost:27017
2019-09-25 10:23:41.394  INFO 3220 --- [cluster-ClusterId{value='5d8b240de20cc20c9458950d', description='null'}-localhost:27017] org.mongodb.driver.cluster               : Monitor thread successfully connected to server with description ServerDescription{address=localhost:27017, type=STANDALONE, state=CONNECTED, ok=true, version=ServerVersion{versionList=[4, 2, 0]}, minWireVersion=0, maxWireVersion=8, maxDocumentSize=16777216, logicalSessionTimeoutMinutes=30, roundTripTimeNanos=7525057}
2019-09-25 10:23:42.030  INFO 3220 --- [main] c.m.l.LoadtransactionsApplication        : Started LoadtransactionsApplication in 3.27 seconds (JVM running for 3.956)
2019-09-25 10:23:42.193  INFO 3220 --- [main] .s.d.r.c.RepositoryConfigurationDelegate : Bootstrapping Spring Data repositories in DEFAULT mode.
2019-09-25 10:23:42.211  INFO 3220 --- [main] .s.d.r.c.RepositoryConfigurationDelegate : Finished Spring Data repository scanning in 17ms. Found 1 repository interfaces.
2019-09-25 10:23:42.272  INFO 3220 --- [main] org.mongodb.driver.cluster               : Cluster created with settings {hosts=[localhost:27017], mode=SINGLE, requiredClusterType=UNKNOWN, serverSelectionTimeout='30000 ms', maxWaitQueueSize=500}
2019-09-25 10:23:42.282  INFO 3220 --- [cluster-ClusterId{value='5d8b240ee20cc20c9458950e', description='null'}-localhost:27017] org.mongodb.driver.connection            : Opened connection [connectionId{localValue:2, serverValue:76}] to localhost:27017
2019-09-25 10:23:42.284  INFO 3220 --- [cluster-ClusterId{value='5d8b240ee20cc20c9458950e', description='null'}-localhost:27017] org.mongodb.driver.cluster               : Monitor thread successfully connected to server with description ServerDescription{address=localhost:27017, type=STANDALONE, state=CONNECTED, ok=true, version=ServerVersion{versionList=[4, 2, 0]}, minWireVersion=0, maxWireVersion=8, maxDocumentSize=16777216, logicalSessionTimeoutMinutes=30, roundTripTimeNanos=1256086}
2019-09-25 10:23:42.515  INFO 3220 --- [main] org.mongodb.driver.connection            : Opened connection [connectionId{localValue:3, serverValue:77}] to localhost:27017
2019-09-25 10:27:42.394  INFO 5108 --- [main] c.m.l.LoadtransactionsApplication        : Starting LoadtransactionsApplication on Viktor-Dell with PID 5108 (C:\Users\ulku\Documents\domaci_ukol_java\loadtransactions\target\classes started by ulku in C:\Users\ulku\Documents\domaci_ukol_java\loadtransactions)
2019-09-25 10:27:42.397  INFO 5108 --- [main] c.m.l.LoadtransactionsApplication        : No active profile set, falling back to default profiles: default
2019-09-25 10:27:42.949  INFO 5108 --- [main] .s.d.r.c.RepositoryConfigurationDelegate : Bootstrapping Spring Data repositories in DEFAULT mode.
2019-09-25 10:27:43.050  INFO 5108 --- [main] .s.d.r.c.RepositoryConfigurationDelegate : Finished Spring Data repository scanning in 94ms. Found 1 repository interfaces.
2019-09-25 10:27:44.346  INFO 5108 --- [main] org.mongodb.driver.cluster               : Cluster created with settings {hosts=[localhost:27017], mode=SINGLE, requiredClusterType=UNKNOWN, serverSelectionTimeout='30000 ms', maxWaitQueueSize=500}
2019-09-25 10:27:44.420  INFO 5108 --- [cluster-ClusterId{value='5d8b2500e20cc213f46aa4ce', description='null'}-localhost:27017] org.mongodb.driver.connection            : Opened connection [connectionId{localValue:1, serverValue:89}] to localhost:27017
2019-09-25 10:27:44.427  INFO 5108 --- [cluster-ClusterId{value='5d8b2500e20cc213f46aa4ce', description='null'}-localhost:27017] org.mongodb.driver.cluster               : Monitor thread successfully connected to server with description ServerDescription{address=localhost:27017, type=STANDALONE, state=CONNECTED, ok=true, version=ServerVersion{versionList=[4, 2, 0]}, minWireVersion=0, maxWireVersion=8, maxDocumentSize=16777216, logicalSessionTimeoutMinutes=30, roundTripTimeNanos=4868271}
2019-09-25 10:27:45.003  INFO 5108 --- [main] c.m.l.LoadtransactionsApplication        : Started LoadtransactionsApplication in 3.069 seconds (JVM running for 3.618)
2019-09-25 10:27:45.165  INFO 5108 --- [main] .s.d.r.c.RepositoryConfigurationDelegate : Bootstrapping Spring Data repositories in DEFAULT mode.
2019-09-25 10:27:45.182  INFO 5108 --- [main] .s.d.r.c.RepositoryConfigurationDelegate : Finished Spring Data repository scanning in 17ms. Found 1 repository interfaces.
2019-09-25 10:27:45.249  INFO 5108 --- [main] org.mongodb.driver.cluster               : Cluster created with settings {hosts=[localhost:27017], mode=SINGLE, requiredClusterType=UNKNOWN, serverSelectionTimeout='30000 ms', maxWaitQueueSize=500}
2019-09-25 10:27:45.259  INFO 5108 --- [cluster-ClusterId{value='5d8b2501e20cc213f46aa4cf', description='null'}-localhost:27017] org.mongodb.driver.connection            : Opened connection [connectionId{localValue:2, serverValue:90}] to localhost:27017
2019-09-25 10:27:45.261  INFO 5108 --- [cluster-ClusterId{value='5d8b2501e20cc213f46aa4cf', description='null'}-localhost:27017] org.mongodb.driver.cluster               : Monitor thread successfully connected to server with description ServerDescription{address=localhost:27017, type=STANDALONE, state=CONNECTED, ok=true, version=ServerVersion{versionList=[4, 2, 0]}, minWireVersion=0, maxWireVersion=8, maxDocumentSize=16777216, logicalSessionTimeoutMinutes=30, roundTripTimeNanos=1659898}
2019-09-25 10:27:45.534  INFO 5108 --- [main] org.mongodb.driver.connection            : Opened connection [connectionId{localValue:3, serverValue:91}] to localhost:27017
2019-09-25 10:36:47.499  INFO 4600 --- [main] c.m.l.LoadtransactionsApplication        : Starting LoadtransactionsApplication on Viktor-Dell with PID 4600 (C:\Users\ulku\Documents\domaci_ukol_java\loadtransactions\target\classes started by ulku in C:\Users\ulku\Documents\domaci_ukol_java\loadtransactions)
2019-09-25 10:36:47.502  INFO 4600 --- [main] c.m.l.LoadtransactionsApplication        : No active profile set, falling back to default profiles: default
2019-09-25 10:36:48.104  INFO 4600 --- [main] .s.d.r.c.RepositoryConfigurationDelegate : Bootstrapping Spring Data repositories in DEFAULT mode.
2019-09-25 10:36:48.223  INFO 4600 --- [main] .s.d.r.c.RepositoryConfigurationDelegate : Finished Spring Data repository scanning in 109ms. Found 1 repository interfaces.
2019-09-25 10:36:49.313  INFO 4600 --- [main] org.mongodb.driver.cluster               : Cluster created with settings {hosts=[localhost:27017], mode=SINGLE, requiredClusterType=UNKNOWN, serverSelectionTimeout='30000 ms', maxWaitQueueSize=500}
2019-09-25 10:36:49.430  INFO 4600 --- [cluster-ClusterId{value='5d8b2721e20cc211f8f5fa96', description='null'}-localhost:27017] org.mongodb.driver.connection            : Opened connection [connectionId{localValue:1, serverValue:116}] to localhost:27017
2019-09-25 10:36:49.438  INFO 4600 --- [cluster-ClusterId{value='5d8b2721e20cc211f8f5fa96', description='null'}-localhost:27017] org.mongodb.driver.cluster               : Monitor thread successfully connected to server with description ServerDescription{address=localhost:27017, type=STANDALONE, state=CONNECTED, ok=true, version=ServerVersion{versionList=[4, 2, 0]}, minWireVersion=0, maxWireVersion=8, maxDocumentSize=16777216, logicalSessionTimeoutMinutes=30, roundTripTimeNanos=4974559}
2019-09-25 10:36:50.065  INFO 4600 --- [main] c.m.l.LoadtransactionsApplication        : Started LoadtransactionsApplication in 3.02 seconds (JVM running for 3.55)
2019-09-25 10:36:50.235  INFO 4600 --- [main] .s.d.r.c.RepositoryConfigurationDelegate : Bootstrapping Spring Data repositories in DEFAULT mode.
2019-09-25 10:36:50.256  INFO 4600 --- [main] .s.d.r.c.RepositoryConfigurationDelegate : Finished Spring Data repository scanning in 20ms. Found 1 repository interfaces.
2019-09-25 10:36:50.318  INFO 4600 --- [main] org.mongodb.driver.cluster               : Cluster created with settings {hosts=[localhost:27017], mode=SINGLE, requiredClusterType=UNKNOWN, serverSelectionTimeout='30000 ms', maxWaitQueueSize=500}
2019-09-25 10:36:50.329  INFO 4600 --- [cluster-ClusterId{value='5d8b2722e20cc211f8f5fa97', description='null'}-localhost:27017] org.mongodb.driver.connection            : Opened connection [connectionId{localValue:2, serverValue:117}] to localhost:27017
2019-09-25 10:36:50.332  INFO 4600 --- [cluster-ClusterId{value='5d8b2722e20cc211f8f5fa97', description='null'}-localhost:27017] org.mongodb.driver.cluster               : Monitor thread successfully connected to server with description ServerDescription{address=localhost:27017, type=STANDALONE, state=CONNECTED, ok=true, version=ServerVersion{versionList=[4, 2, 0]}, minWireVersion=0, maxWireVersion=8, maxDocumentSize=16777216, logicalSessionTimeoutMinutes=30, roundTripTimeNanos=1650810}
2019-09-25 10:36:50.609  INFO 4600 --- [main] org.mongodb.driver.connection            : Opened connection [connectionId{localValue:3, serverValue:118}] to localhost:27017
2019-09-25 10:36:50.811  INFO 4600 --- [main] org.mongodb.driver.connection            : Closed connection [connectionId{localValue:3, serverValue:118}] to localhost:27017 because the pool has been closed.
2019-09-25 10:58:54.309  INFO 5448 --- [main] c.m.l.LoadtransactionsApplication        : Starting LoadtransactionsApplication on Viktor-Dell with PID 5448 (C:\Users\ulku\Documents\domaci_ukol_java\loadtransactions\target\classes started by ulku in C:\Users\ulku\Documents\domaci_ukol_java\loadtransactions)
2019-09-25 10:58:54.312  INFO 5448 --- [main] c.m.l.LoadtransactionsApplication        : No active profile set, falling back to default profiles: default
2019-09-25 10:58:54.869  INFO 5448 --- [main] .s.d.r.c.RepositoryConfigurationDelegate : Bootstrapping Spring Data repositories in DEFAULT mode.
2019-09-25 10:58:54.972  INFO 5448 --- [main] .s.d.r.c.RepositoryConfigurationDelegate : Finished Spring Data repository scanning in 95ms. Found 1 repository interfaces.
2019-09-25 10:58:55.966  INFO 5448 --- [main] org.mongodb.driver.cluster               : Cluster created with settings {hosts=[localhost:27017], mode=SINGLE, requiredClusterType=UNKNOWN, serverSelectionTimeout='30000 ms', maxWaitQueueSize=500}
2019-09-25 10:58:56.179  INFO 5448 --- [cluster-ClusterId{value='5d8b2c4fe20cc2154879ab6b', description='null'}-localhost:27017] org.mongodb.driver.connection            : Opened connection [connectionId{localValue:1, serverValue:167}] to localhost:27017
2019-09-25 10:58:56.200  INFO 5448 --- [cluster-ClusterId{value='5d8b2c4fe20cc2154879ab6b', description='null'}-localhost:27017] org.mongodb.driver.cluster               : Monitor thread successfully connected to server with description ServerDescription{address=localhost:27017, type=STANDALONE, state=CONNECTED, ok=true, version=ServerVersion{versionList=[4, 2, 0]}, minWireVersion=0, maxWireVersion=8, maxDocumentSize=16777216, logicalSessionTimeoutMinutes=30, roundTripTimeNanos=19188597}
2019-09-25 10:58:56.822  INFO 5448 --- [main] c.m.l.LoadtransactionsApplication        : Started LoadtransactionsApplication in 2.987 seconds (JVM running for 3.448)
2019-09-25 10:58:56.980  INFO 5448 --- [main] .s.d.r.c.RepositoryConfigurationDelegate : Bootstrapping Spring Data repositories in DEFAULT mode.
2019-09-25 10:58:57.018  INFO 5448 --- [main] .s.d.r.c.RepositoryConfigurationDelegate : Finished Spring Data repository scanning in 36ms. Found 1 repository interfaces.
2019-09-25 10:58:57.082  INFO 5448 --- [main] org.mongodb.driver.cluster               : Cluster created with settings {hosts=[localhost:27017], mode=SINGLE, requiredClusterType=UNKNOWN, serverSelectionTimeout='30000 ms', maxWaitQueueSize=500}
2019-09-25 10:58:57.112  INFO 5448 --- [cluster-ClusterId{value='5d8b2c51e20cc2154879ab6c', description='null'}-localhost:27017] org.mongodb.driver.connection            : Opened connection [connectionId{localValue:2, serverValue:168}] to localhost:27017
2019-09-25 10:58:57.125  INFO 5448 --- [cluster-ClusterId{value='5d8b2c51e20cc2154879ab6c', description='null'}-localhost:27017] org.mongodb.driver.cluster               : Monitor thread successfully connected to server with description ServerDescription{address=localhost:27017, type=STANDALONE, state=CONNECTED, ok=true, version=ServerVersion{versionList=[4, 2, 0]}, minWireVersion=0, maxWireVersion=8, maxDocumentSize=16777216, logicalSessionTimeoutMinutes=30, roundTripTimeNanos=12298499}
2019-09-25 10:58:57.371  INFO 5448 --- [main] org.mongodb.driver.connection            : Opened connection [connectionId{localValue:3, serverValue:169}] to localhost:27017
2019-09-25 10:58:57.584  INFO 5448 --- [main] org.mongodb.driver.connection            : Closed connection [connectionId{localValue:3, serverValue:169}] to localhost:27017 because the pool has been closed.
2019-09-25 11:10:29.656  INFO 5876 --- [main] c.m.l.LoadtransactionsApplication        : Starting LoadtransactionsApplication on Viktor-Dell with PID 5876 (C:\Users\ulku\Documents\domaci_ukol_java\loadtransactions\target\classes started by ulku in C:\Users\ulku\Documents\domaci_ukol_java\loadtransactions)
2019-09-25 11:10:29.659  INFO 5876 --- [main] c.m.l.LoadtransactionsApplication        : No active profile set, falling back to default profiles: default
2019-09-25 11:10:30.214  INFO 5876 --- [main] .s.d.r.c.RepositoryConfigurationDelegate : Bootstrapping Spring Data repositories in DEFAULT mode.
2019-09-25 11:10:30.335  INFO 5876 --- [main] .s.d.r.c.RepositoryConfigurationDelegate : Finished Spring Data repository scanning in 115ms. Found 1 repository interfaces.
2019-09-25 11:10:31.394  INFO 5876 --- [main] org.mongodb.driver.cluster               : Cluster created with settings {hosts=[localhost:27017], mode=SINGLE, requiredClusterType=UNKNOWN, serverSelectionTimeout='30000 ms', maxWaitQueueSize=500}
2019-09-25 11:10:31.483  INFO 5876 --- [cluster-ClusterId{value='5d8b2f07e20cc216f4df9d6e', description='null'}-localhost:27017] org.mongodb.driver.connection            : Opened connection [connectionId{localValue:1, serverValue:199}] to localhost:27017
2019-09-25 11:10:31.491  INFO 5876 --- [cluster-ClusterId{value='5d8b2f07e20cc216f4df9d6e', description='null'}-localhost:27017] org.mongodb.driver.cluster               : Monitor thread successfully connected to server with description ServerDescription{address=localhost:27017, type=STANDALONE, state=CONNECTED, ok=true, version=ServerVersion{versionList=[4, 2, 0]}, minWireVersion=0, maxWireVersion=8, maxDocumentSize=16777216, logicalSessionTimeoutMinutes=30, roundTripTimeNanos=5574745}
2019-09-25 11:10:32.093  INFO 5876 --- [main] c.m.l.LoadtransactionsApplication        : Started LoadtransactionsApplication in 2.906 seconds (JVM running for 3.432)
2019-09-25 11:10:32.256  INFO 5876 --- [main] .s.d.r.c.RepositoryConfigurationDelegate : Bootstrapping Spring Data repositories in DEFAULT mode.
2019-09-25 11:10:32.273  INFO 5876 --- [main] .s.d.r.c.RepositoryConfigurationDelegate : Finished Spring Data repository scanning in 17ms. Found 1 repository interfaces.
2019-09-25 11:10:32.335  INFO 5876 --- [main] org.mongodb.driver.cluster               : Cluster created with settings {hosts=[localhost:27017], mode=SINGLE, requiredClusterType=UNKNOWN, serverSelectionTimeout='30000 ms', maxWaitQueueSize=500}
2019-09-25 11:10:32.345  INFO 5876 --- [cluster-ClusterId{value='5d8b2f08e20cc216f4df9d6f', description='null'}-localhost:27017] org.mongodb.driver.connection            : Opened connection [connectionId{localValue:2, serverValue:200}] to localhost:27017
2019-09-25 11:10:32.347  INFO 5876 --- [cluster-ClusterId{value='5d8b2f08e20cc216f4df9d6f', description='null'}-localhost:27017] org.mongodb.driver.cluster               : Monitor thread successfully connected to server with description ServerDescription{address=localhost:27017, type=STANDALONE, state=CONNECTED, ok=true, version=ServerVersion{versionList=[4, 2, 0]}, minWireVersion=0, maxWireVersion=8, maxDocumentSize=16777216, logicalSessionTimeoutMinutes=30, roundTripTimeNanos=1478143}
2019-09-25 11:10:32.554  INFO 5876 --- [main] org.mongodb.driver.connection            : Opened connection [connectionId{localValue:3, serverValue:201}] to localhost:27017
2019-09-25 11:12:19.285  INFO 4236 --- [main] c.m.l.LoadtransactionsApplication        : Starting LoadtransactionsApplication on Viktor-Dell with PID 4236 (C:\Users\ulku\Documents\domaci_ukol_java\loadtransactions\target\classes started by ulku in C:\Users\ulku\Documents\domaci_ukol_java\loadtransactions)
2019-09-25 11:12:19.288  INFO 4236 --- [main] c.m.l.LoadtransactionsApplication        : No active profile set, falling back to default profiles: default
2019-09-25 11:12:19.856  INFO 4236 --- [main] .s.d.r.c.RepositoryConfigurationDelegate : Bootstrapping Spring Data repositories in DEFAULT mode.
2019-09-25 11:12:19.963  INFO 4236 --- [main] .s.d.r.c.RepositoryConfigurationDelegate : Finished Spring Data repository scanning in 98ms. Found 1 repository interfaces.
2019-09-25 11:12:20.943  INFO 4236 --- [main] org.mongodb.driver.cluster               : Cluster created with settings {hosts=[localhost:27017], mode=SINGLE, requiredClusterType=UNKNOWN, serverSelectionTimeout='30000 ms', maxWaitQueueSize=500}
2019-09-25 11:12:21.028  INFO 4236 --- [cluster-ClusterId{value='5d8b2f74e20cc2108c79f4d2', description='null'}-localhost:27017] org.mongodb.driver.connection            : Opened connection [connectionId{localValue:1, serverValue:209}] to localhost:27017
2019-09-25 11:12:21.034  INFO 4236 --- [cluster-ClusterId{value='5d8b2f74e20cc2108c79f4d2', description='null'}-localhost:27017] org.mongodb.driver.cluster               : Monitor thread successfully connected to server with description ServerDescription{address=localhost:27017, type=STANDALONE, state=CONNECTED, ok=true, version=ServerVersion{versionList=[4, 2, 0]}, minWireVersion=0, maxWireVersion=8, maxDocumentSize=16777216, logicalSessionTimeoutMinutes=30, roundTripTimeNanos=4527283}
2019-09-25 11:12:21.619  INFO 4236 --- [main] c.m.l.LoadtransactionsApplication        : Started LoadtransactionsApplication in 2.799 seconds (JVM running for 3.346)
2019-09-25 11:12:21.795  INFO 4236 --- [main] .s.d.r.c.RepositoryConfigurationDelegate : Bootstrapping Spring Data repositories in DEFAULT mode.
2019-09-25 11:12:21.817  INFO 4236 --- [main] .s.d.r.c.RepositoryConfigurationDelegate : Finished Spring Data repository scanning in 22ms. Found 1 repository interfaces.
2019-09-25 11:12:21.883  INFO 4236 --- [main] org.mongodb.driver.cluster               : Cluster created with settings {hosts=[localhost:27017], mode=SINGLE, requiredClusterType=UNKNOWN, serverSelectionTimeout='30000 ms', maxWaitQueueSize=500}
2019-09-25 11:12:21.901  INFO 4236 --- [cluster-ClusterId{value='5d8b2f75e20cc2108c79f4d3', description='null'}-localhost:27017] org.mongodb.driver.connection            : Opened connection [connectionId{localValue:2, serverValue:210}] to localhost:27017
2019-09-25 11:12:21.903  INFO 4236 --- [cluster-ClusterId{value='5d8b2f75e20cc2108c79f4d3', description='null'}-localhost:27017] org.mongodb.driver.cluster               : Monitor thread successfully connected to server with description ServerDescription{address=localhost:27017, type=STANDALONE, state=CONNECTED, ok=true, version=ServerVersion{versionList=[4, 2, 0]}, minWireVersion=0, maxWireVersion=8, maxDocumentSize=16777216, logicalSessionTimeoutMinutes=30, roundTripTimeNanos=1508963}
2019-09-25 11:12:22.158  INFO 4236 --- [main] org.mongodb.driver.connection            : Opened connection [connectionId{localValue:3, serverValue:211}] to localhost:27017
2019-09-25 11:12:22.387  INFO 4236 --- [main] org.mongodb.driver.connection            : Closed connection [connectionId{localValue:3, serverValue:211}] to localhost:27017 because the pool has been closed.
2019-09-25 11:15:17.030  INFO 5804 --- [main] c.m.l.LoadtransactionsApplication        : Starting LoadtransactionsApplication on Viktor-Dell with PID 5804 (C:\Users\ulku\Documents\domaci_ukol_java\loadtransactions\target\classes started by ulku in C:\Users\ulku\Documents\domaci_ukol_java\loadtransactions)
2019-09-25 11:15:17.034  INFO 5804 --- [main] c.m.l.LoadtransactionsApplication        : No active profile set, falling back to default profiles: default
2019-09-25 11:15:17.576  INFO 5804 --- [main] .s.d.r.c.RepositoryConfigurationDelegate : Bootstrapping Spring Data repositories in DEFAULT mode.
2019-09-25 11:15:17.681  INFO 5804 --- [main] .s.d.r.c.RepositoryConfigurationDelegate : Finished Spring Data repository scanning in 95ms. Found 1 repository interfaces.
2019-09-25 11:15:18.669  INFO 5804 --- [main] org.mongodb.driver.cluster               : Cluster created with settings {hosts=[localhost:27017], mode=SINGLE, requiredClusterType=UNKNOWN, serverSelectionTimeout='30000 ms', maxWaitQueueSize=500}
2019-09-25 11:15:18.872  INFO 5804 --- [cluster-ClusterId{value='5d8b3026e20cc216ac40fc2b', description='null'}-localhost:27017] org.mongodb.driver.connection            : Opened connection [connectionId{localValue:1, serverValue:225}] to localhost:27017
2019-09-25 11:15:18.885  INFO 5804 --- [cluster-ClusterId{value='5d8b3026e20cc216ac40fc2b', description='null'}-localhost:27017] org.mongodb.driver.cluster               : Monitor thread successfully connected to server with description ServerDescription{address=localhost:27017, type=STANDALONE, state=CONNECTED, ok=true, version=ServerVersion{versionList=[4, 2, 0]}, minWireVersion=0, maxWireVersion=8, maxDocumentSize=16777216, logicalSessionTimeoutMinutes=30, roundTripTimeNanos=11174778}
2019-09-25 11:15:19.442  INFO 5804 --- [main] c.m.l.LoadtransactionsApplication        : Started LoadtransactionsApplication in 2.877 seconds (JVM running for 3.41)
2019-09-25 11:15:19.770  INFO 5804 --- [main] .s.d.r.c.RepositoryConfigurationDelegate : Bootstrapping Spring Data repositories in DEFAULT mode.
2019-09-25 11:15:19.808  INFO 5804 --- [main] .s.d.r.c.RepositoryConfigurationDelegate : Finished Spring Data repository scanning in 37ms. Found 1 repository interfaces.
2019-09-25 11:15:19.938  INFO 5804 --- [main] org.mongodb.driver.cluster               : Cluster created with settings {hosts=[localhost:27017], mode=SINGLE, requiredClusterType=UNKNOWN, serverSelectionTimeout='30000 ms', maxWaitQueueSize=500}
2019-09-25 11:15:19.970  INFO 5804 --- [cluster-ClusterId{value='5d8b3027e20cc216ac40fc2c', description='null'}-localhost:27017] org.mongodb.driver.connection            : Opened connection [connectionId{localValue:2, serverValue:226}] to localhost:27017
2019-09-25 11:15:19.984  INFO 5804 --- [cluster-ClusterId{value='5d8b3027e20cc216ac40fc2c', description='null'}-localhost:27017] org.mongodb.driver.cluster               : Monitor thread successfully connected to server with description ServerDescription{address=localhost:27017, type=STANDALONE, state=CONNECTED, ok=true, version=ServerVersion{versionList=[4, 2, 0]}, minWireVersion=0, maxWireVersion=8, maxDocumentSize=16777216, logicalSessionTimeoutMinutes=30, roundTripTimeNanos=4307991}
2019-09-25 11:15:20.162  INFO 5804 --- [main] org.mongodb.driver.connection            : Opened connection [connectionId{localValue:3, serverValue:227}] to localhost:27017
2019-09-25 11:15:20.420  INFO 5804 --- [main] org.mongodb.driver.connection            : Closed connection [connectionId{localValue:3, serverValue:227}] to localhost:27017 because the pool has been closed.
2019-09-25 11:20:20.605  INFO 5428 --- [main] c.m.l.LoadtransactionsApplication        : Starting LoadtransactionsApplication on Viktor-Dell with PID 5428 (C:\Users\ulku\Documents\domaci_ukol_java\loadtransactions\target\classes started by ulku in C:\Users\ulku\Documents\domaci_ukol_java\loadtransactions)
2019-09-25 11:20:20.610  INFO 5428 --- [main] c.m.l.LoadtransactionsApplication        : No active profile set, falling back to default profiles: default
2019-09-25 11:20:21.200  INFO 5428 --- [main] .s.d.r.c.RepositoryConfigurationDelegate : Bootstrapping Spring Data repositories in DEFAULT mode.
2019-09-25 11:20:21.324  INFO 5428 --- [main] .s.d.r.c.RepositoryConfigurationDelegate : Finished Spring Data repository scanning in 116ms. Found 1 repository interfaces.
2019-09-25 11:20:22.302  INFO 5428 --- [main] org.mongodb.driver.cluster               : Cluster created with settings {hosts=[localhost:27017], mode=SINGLE, requiredClusterType=UNKNOWN, serverSelectionTimeout='30000 ms', maxWaitQueueSize=500}
2019-09-25 11:20:22.440  INFO 5428 --- [cluster-ClusterId{value='5d8b3156e20cc215347b8d05', description='null'}-localhost:27017] org.mongodb.driver.connection            : Opened connection [connectionId{localValue:1, serverValue:241}] to localhost:27017
2019-09-25 11:20:22.447  INFO 5428 --- [cluster-ClusterId{value='5d8b3156e20cc215347b8d05', description='null'}-localhost:27017] org.mongodb.driver.cluster               : Monitor thread successfully connected to server with description ServerDescription{address=localhost:27017, type=STANDALONE, state=CONNECTED, ok=true, version=ServerVersion{versionList=[4, 2, 0]}, minWireVersion=0, maxWireVersion=8, maxDocumentSize=16777216, logicalSessionTimeoutMinutes=30, roundTripTimeNanos=4741833}
2019-09-25 11:20:23.157  INFO 5428 --- [main] c.m.l.LoadtransactionsApplication        : Started LoadtransactionsApplication in 3.032 seconds (JVM running for 3.496)
2019-09-25 11:20:23.387  INFO 5428 --- [main] .s.d.r.c.RepositoryConfigurationDelegate : Bootstrapping Spring Data repositories in DEFAULT mode.
2019-09-25 11:20:23.405  INFO 5428 --- [main] .s.d.r.c.RepositoryConfigurationDelegate : Finished Spring Data repository scanning in 18ms. Found 1 repository interfaces.
2019-09-25 11:20:23.473  INFO 5428 --- [main] org.mongodb.driver.cluster               : Cluster created with settings {hosts=[localhost:27017], mode=SINGLE, requiredClusterType=UNKNOWN, serverSelectionTimeout='30000 ms', maxWaitQueueSize=500}
2019-09-25 11:20:23.484  INFO 5428 --- [cluster-ClusterId{value='5d8b3157e20cc215347b8d06', description='null'}-localhost:27017] org.mongodb.driver.connection            : Opened connection [connectionId{localValue:2, serverValue:242}] to localhost:27017
2019-09-25 11:20:23.487  INFO 5428 --- [cluster-ClusterId{value='5d8b3157e20cc215347b8d06', description='null'}-localhost:27017] org.mongodb.driver.cluster               : Monitor thread successfully connected to server with description ServerDescription{address=localhost:27017, type=STANDALONE, state=CONNECTED, ok=true, version=ServerVersion{versionList=[4, 2, 0]}, minWireVersion=0, maxWireVersion=8, maxDocumentSize=16777216, logicalSessionTimeoutMinutes=30, roundTripTimeNanos=1686767}
2019-09-25 11:20:23.730  INFO 5428 --- [main] org.mongodb.driver.connection            : Opened connection [connectionId{localValue:3, serverValue:243}] to localhost:27017
2019-09-25 11:20:23.782  INFO 5428 --- [main] org.mongodb.driver.connection            : Closed connection [connectionId{localValue:3, serverValue:243}] to localhost:27017 because the pool has been closed.
2019-09-25 11:23:32.565  INFO 5580 --- [main] c.m.l.LoadtransactionsApplication        : Starting LoadtransactionsApplication on Viktor-Dell with PID 5580 (C:\Users\ulku\Documents\domaci_ukol_java\loadtransactions\target\classes started by ulku in C:\Users\ulku\Documents\domaci_ukol_java\loadtransactions)
2019-09-25 11:23:32.568  INFO 5580 --- [main] c.m.l.LoadtransactionsApplication        : No active profile set, falling back to default profiles: default
2019-09-25 11:23:33.282  INFO 5580 --- [main] .s.d.r.c.RepositoryConfigurationDelegate : Bootstrapping Spring Data repositories in DEFAULT mode.
2019-09-25 11:23:33.391  INFO 5580 --- [main] .s.d.r.c.RepositoryConfigurationDelegate : Finished Spring Data repository scanning in 101ms. Found 1 repository interfaces.
2019-09-25 11:23:34.389  INFO 5580 --- [main] org.mongodb.driver.cluster               : Cluster created with settings {hosts=[localhost:27017], mode=SINGLE, requiredClusterType=UNKNOWN, serverSelectionTimeout='30000 ms', maxWaitQueueSize=500}
2019-09-25 11:23:34.495  INFO 5580 --- [cluster-ClusterId{value='5d8b3216e20cc215cc273eb1', description='null'}-localhost:27017] org.mongodb.driver.connection            : Opened connection [connectionId{localValue:1, serverValue:257}] to localhost:27017
2019-09-25 11:23:34.513  INFO 5580 --- [cluster-ClusterId{value='5d8b3216e20cc215cc273eb1', description='null'}-localhost:27017] org.mongodb.driver.cluster               : Monitor thread successfully connected to server with description ServerDescription{address=localhost:27017, type=STANDALONE, state=CONNECTED, ok=true, version=ServerVersion{versionList=[4, 2, 0]}, minWireVersion=0, maxWireVersion=8, maxDocumentSize=16777216, logicalSessionTimeoutMinutes=30, roundTripTimeNanos=16369418}
2019-09-25 11:23:35.105  INFO 5580 --- [main] c.m.l.LoadtransactionsApplication        : Started LoadtransactionsApplication in 3.018 seconds (JVM running for 3.486)
2019-09-25 11:23:35.288  INFO 5580 --- [main] .s.d.r.c.RepositoryConfigurationDelegate : Bootstrapping Spring Data repositories in DEFAULT mode.
2019-09-25 11:23:35.308  INFO 5580 --- [main] .s.d.r.c.RepositoryConfigurationDelegate : Finished Spring Data repository scanning in 19ms. Found 1 repository interfaces.
2019-09-25 11:23:35.373  INFO 5580 --- [main] org.mongodb.driver.cluster               : Cluster created with settings {hosts=[localhost:27017], mode=SINGLE, requiredClusterType=UNKNOWN, serverSelectionTimeout='30000 ms', maxWaitQueueSize=500}
2019-09-25 11:23:35.410  INFO 5580 --- [cluster-ClusterId{value='5d8b3217e20cc215cc273eb2', description='null'}-localhost:27017] org.mongodb.driver.connection            : Opened connection [connectionId{localValue:2, serverValue:258}] to localhost:27017
2019-09-25 11:23:35.412  INFO 5580 --- [cluster-ClusterId{value='5d8b3217e20cc215cc273eb2', description='null'}-localhost:27017] org.mongodb.driver.cluster               : Monitor thread successfully connected to server with description ServerDescription{address=localhost:27017, type=STANDALONE, state=CONNECTED, ok=true, version=ServerVersion{versionList=[4, 2, 0]}, minWireVersion=0, maxWireVersion=8, maxDocumentSize=16777216, logicalSessionTimeoutMinutes=30, roundTripTimeNanos=1398724}
2019-09-25 11:23:35.669  INFO 5580 --- [main] org.mongodb.driver.connection            : Opened connection [connectionId{localValue:3, serverValue:259}] to localhost:27017
2019-09-25 11:23:35.922  INFO 5580 --- [main] org.mongodb.driver.connection            : Closed connection [connectionId{localValue:3, serverValue:259}] to localhost:27017 because the pool has been closed.
2019-09-25 11:27:36.230  INFO 2924 --- [main] c.m.l.LoadtransactionsApplication        : Starting LoadtransactionsApplication on Viktor-Dell with PID 2924 (C:\Users\ulku\Documents\domaci_ukol_java\loadtransactions\target\classes started by ulku in C:\Users\ulku\Documents\domaci_ukol_java\loadtransactions)
2019-09-25 11:27:36.233  INFO 2924 --- [main] c.m.l.LoadtransactionsApplication        : No active profile set, falling back to default profiles: default
2019-09-25 11:27:36.902  INFO 2924 --- [main] .s.d.r.c.RepositoryConfigurationDelegate : Bootstrapping Spring Data repositories in DEFAULT mode.
2019-09-25 11:27:37.033  INFO 2924 --- [main] .s.d.r.c.RepositoryConfigurationDelegate : Finished Spring Data repository scanning in 122ms. Found 1 repository interfaces.
2019-09-25 11:27:38.032  INFO 2924 --- [main] org.mongodb.driver.cluster               : Cluster created with settings {hosts=[localhost:27017], mode=SINGLE, requiredClusterType=UNKNOWN, serverSelectionTimeout='30000 ms', maxWaitQueueSize=500}
2019-09-25 11:27:38.108  INFO 2924 --- [cluster-ClusterId{value='5d8b3309e20cc20b6c9a06e6', description='null'}-localhost:27017] org.mongodb.driver.connection            : Opened connection [connectionId{localValue:1, serverValue:275}] to localhost:27017
2019-09-25 11:27:38.115  INFO 2924 --- [cluster-ClusterId{value='5d8b3309e20cc20b6c9a06e6', description='null'}-localhost:27017] org.mongodb.driver.cluster               : Monitor thread successfully connected to server with description ServerDescription{address=localhost:27017, type=STANDALONE, state=CONNECTED, ok=true, version=ServerVersion{versionList=[4, 2, 0]}, minWireVersion=0, maxWireVersion=8, maxDocumentSize=16777216, logicalSessionTimeoutMinutes=30, roundTripTimeNanos=4746179}
2019-09-25 11:27:38.688  INFO 2924 --- [main] c.m.l.LoadtransactionsApplication        : Started LoadtransactionsApplication in 2.915 seconds (JVM running for 3.413)
2019-09-25 11:27:38.850  INFO 2924 --- [main] .s.d.r.c.RepositoryConfigurationDelegate : Bootstrapping Spring Data repositories in DEFAULT mode.
2019-09-25 11:27:38.870  INFO 2924 --- [main] .s.d.r.c.RepositoryConfigurationDelegate : Finished Spring Data repository scanning in 20ms. Found 1 repository interfaces.
2019-09-25 11:27:38.937  INFO 2924 --- [main] org.mongodb.driver.cluster               : Cluster created with settings {hosts=[localhost:27017], mode=SINGLE, requiredClusterType=UNKNOWN, serverSelectionTimeout='30000 ms', maxWaitQueueSize=500}
2019-09-25 11:27:39.013  INFO 2924 --- [cluster-ClusterId{value='5d8b330ae20cc20b6c9a06e7', description='null'}-localhost:27017] org.mongodb.driver.connection            : Opened connection [connectionId{localValue:2, serverValue:276}] to localhost:27017
2019-09-25 11:27:39.019  INFO 2924 --- [cluster-ClusterId{value='5d8b330ae20cc20b6c9a06e7', description='null'}-localhost:27017] org.mongodb.driver.cluster               : Monitor thread successfully connected to server with description ServerDescription{address=localhost:27017, type=STANDALONE, state=CONNECTED, ok=true, version=ServerVersion{versionList=[4, 2, 0]}, minWireVersion=0, maxWireVersion=8, maxDocumentSize=16777216, logicalSessionTimeoutMinutes=30, roundTripTimeNanos=4964286}
2019-09-25 11:27:39.217  INFO 2924 --- [main] org.mongodb.driver.connection            : Opened connection [connectionId{localValue:3, serverValue:277}] to localhost:27017
2019-09-25 11:27:39.523  INFO 2924 --- [main] org.mongodb.driver.connection            : Closed connection [connectionId{localValue:3, serverValue:277}] to localhost:27017 because the pool has been closed.
2019-09-25 11:33:43.682  INFO 6132 --- [main] c.m.l.LoadtransactionsApplication        : Starting LoadtransactionsApplication on Viktor-Dell with PID 6132 (C:\Users\ulku\Documents\domaci_ukol_java\loadtransactions\target\classes started by ulku in C:\Users\ulku\Documents\domaci_ukol_java\loadtransactions)
2019-09-25 11:33:43.686  INFO 6132 --- [main] c.m.l.LoadtransactionsApplication        : No active profile set, falling back to default profiles: default
2019-09-25 11:33:44.241  INFO 6132 --- [main] .s.d.r.c.RepositoryConfigurationDelegate : Bootstrapping Spring Data repositories in DEFAULT mode.
2019-09-25 11:33:44.349  INFO 6132 --- [main] .s.d.r.c.RepositoryConfigurationDelegate : Finished Spring Data repository scanning in 101ms. Found 1 repository interfaces.
2019-09-25 11:33:45.380  INFO 6132 --- [main] org.mongodb.driver.cluster               : Cluster created with settings {hosts=[localhost:27017], mode=SINGLE, requiredClusterType=UNKNOWN, serverSelectionTimeout='30000 ms', maxWaitQueueSize=500}
2019-09-25 11:33:45.901  INFO 6132 --- [cluster-ClusterId{value='5d8b3479e20cc217f479900a', description='null'}-localhost:27017] org.mongodb.driver.connection            : Opened connection [connectionId{localValue:1, serverValue:293}] to localhost:27017
2019-09-25 11:33:45.938  INFO 6132 --- [cluster-ClusterId{value='5d8b3479e20cc217f479900a', description='null'}-localhost:27017] org.mongodb.driver.cluster               : Monitor thread successfully connected to server with description ServerDescription{address=localhost:27017, type=STANDALONE, state=CONNECTED, ok=true, version=ServerVersion{versionList=[4, 2, 0]}, minWireVersion=0, maxWireVersion=8, maxDocumentSize=16777216, logicalSessionTimeoutMinutes=30, roundTripTimeNanos=30323074}
2019-09-25 11:33:46.337  INFO 6132 --- [main] c.m.l.LoadtransactionsApplication        : Started LoadtransactionsApplication in 3.128 seconds (JVM running for 3.645)
2019-09-25 11:33:46.516  INFO 6132 --- [main] .s.d.r.c.RepositoryConfigurationDelegate : Bootstrapping Spring Data repositories in DEFAULT mode.
2019-09-25 11:33:46.534  INFO 6132 --- [main] .s.d.r.c.RepositoryConfigurationDelegate : Finished Spring Data repository scanning in 17ms. Found 1 repository interfaces.
2019-09-25 11:33:46.596  INFO 6132 --- [main] org.mongodb.driver.cluster               : Cluster created with settings {hosts=[localhost:27017], mode=SINGLE, requiredClusterType=UNKNOWN, serverSelectionTimeout='30000 ms', maxWaitQueueSize=500}
2019-09-25 11:33:46.645  INFO 6132 --- [cluster-ClusterId{value='5d8b347ae20cc217f479900b', description='null'}-localhost:27017] org.mongodb.driver.connection            : Opened connection [connectionId{localValue:2, serverValue:294}] to localhost:27017
2019-09-25 11:33:46.649  INFO 6132 --- [cluster-ClusterId{value='5d8b347ae20cc217f479900b', description='null'}-localhost:27017] org.mongodb.driver.cluster               : Monitor thread successfully connected to server with description ServerDescription{address=localhost:27017, type=STANDALONE, state=CONNECTED, ok=true, version=ServerVersion{versionList=[4, 2, 0]}, minWireVersion=0, maxWireVersion=8, maxDocumentSize=16777216, logicalSessionTimeoutMinutes=30, roundTripTimeNanos=2699854}
2019-09-25 11:34:59.287  INFO 536 --- [main] c.m.l.LoadtransactionsApplication        : Starting LoadtransactionsApplication on Viktor-Dell with PID 536 (C:\Users\ulku\Documents\domaci_ukol_java\loadtransactions\target\classes started by ulku in C:\Users\ulku\Documents\domaci_ukol_java\loadtransactions)
2019-09-25 11:34:59.290  INFO 536 --- [main] c.m.l.LoadtransactionsApplication        : No active profile set, falling back to default profiles: default
2019-09-25 11:34:59.984  INFO 536 --- [main] .s.d.r.c.RepositoryConfigurationDelegate : Bootstrapping Spring Data repositories in DEFAULT mode.
2019-09-25 11:35:00.102  INFO 536 --- [main] .s.d.r.c.RepositoryConfigurationDelegate : Finished Spring Data repository scanning in 109ms. Found 1 repository interfaces.
2019-09-25 11:35:01.101  INFO 536 --- [main] org.mongodb.driver.cluster               : Cluster created with settings {hosts=[localhost:27017], mode=SINGLE, requiredClusterType=UNKNOWN, serverSelectionTimeout='30000 ms', maxWaitQueueSize=500}
2019-09-25 11:35:01.184  INFO 536 --- [cluster-ClusterId{value='5d8b34c5e20cc20218b58914', description='null'}-localhost:27017] org.mongodb.driver.connection            : Opened connection [connectionId{localValue:1, serverValue:297}] to localhost:27017
2019-09-25 11:35:01.191  INFO 536 --- [cluster-ClusterId{value='5d8b34c5e20cc20218b58914', description='null'}-localhost:27017] org.mongodb.driver.cluster               : Monitor thread successfully connected to server with description ServerDescription{address=localhost:27017, type=STANDALONE, state=CONNECTED, ok=true, version=ServerVersion{versionList=[4, 2, 0]}, minWireVersion=0, maxWireVersion=8, maxDocumentSize=16777216, logicalSessionTimeoutMinutes=30, roundTripTimeNanos=4883681}
2019-09-25 11:35:01.738  INFO 536 --- [main] c.m.l.LoadtransactionsApplication        : Started LoadtransactionsApplication in 2.91 seconds (JVM running for 3.482)
2019-09-25 11:35:01.908  INFO 536 --- [main] .s.d.r.c.RepositoryConfigurationDelegate : Bootstrapping Spring Data repositories in DEFAULT mode.
2019-09-25 11:35:01.928  INFO 536 --- [main] .s.d.r.c.RepositoryConfigurationDelegate : Finished Spring Data repository scanning in 20ms. Found 1 repository interfaces.
2019-09-25 11:35:02.001  INFO 536 --- [main] org.mongodb.driver.cluster               : Cluster created with settings {hosts=[localhost:27017], mode=SINGLE, requiredClusterType=UNKNOWN, serverSelectionTimeout='30000 ms', maxWaitQueueSize=500}
2019-09-25 11:35:02.019  INFO 536 --- [cluster-ClusterId{value='5d8b34c6e20cc20218b58915', description='null'}-localhost:27017] org.mongodb.driver.connection            : Opened connection [connectionId{localValue:2, serverValue:298}] to localhost:27017
2019-09-25 11:35:02.021  INFO 536 --- [cluster-ClusterId{value='5d8b34c6e20cc20218b58915', description='null'}-localhost:27017] org.mongodb.driver.cluster               : Monitor thread successfully connected to server with description ServerDescription{address=localhost:27017, type=STANDALONE, state=CONNECTED, ok=true, version=ServerVersion{versionList=[4, 2, 0]}, minWireVersion=0, maxWireVersion=8, maxDocumentSize=16777216, logicalSessionTimeoutMinutes=30, roundTripTimeNanos=1778039}
2019-09-25 11:35:30.984  INFO 5824 --- [main] c.m.l.LoadtransactionsApplication        : Starting LoadtransactionsApplication on Viktor-Dell with PID 5824 (C:\Users\ulku\Documents\domaci_ukol_java\loadtransactions\target\classes started by ulku in C:\Users\ulku\Documents\domaci_ukol_java\loadtransactions)
2019-09-25 11:35:30.987  INFO 5824 --- [main] c.m.l.LoadtransactionsApplication        : No active profile set, falling back to default profiles: default
2019-09-25 11:35:31.544  INFO 5824 --- [main] .s.d.r.c.RepositoryConfigurationDelegate : Bootstrapping Spring Data repositories in DEFAULT mode.
2019-09-25 11:35:31.673  INFO 5824 --- [main] .s.d.r.c.RepositoryConfigurationDelegate : Finished Spring Data repository scanning in 119ms. Found 1 repository interfaces.
2019-09-25 11:35:32.684  INFO 5824 --- [main] org.mongodb.driver.cluster               : Cluster created with settings {hosts=[localhost:27017], mode=SINGLE, requiredClusterType=UNKNOWN, serverSelectionTimeout='30000 ms', maxWaitQueueSize=500}
2019-09-25 11:35:32.762  INFO 5824 --- [cluster-ClusterId{value='5d8b34e4e20cc216c0cc8e46', description='null'}-localhost:27017] org.mongodb.driver.connection            : Opened connection [connectionId{localValue:1, serverValue:300}] to localhost:27017
2019-09-25 11:35:32.769  INFO 5824 --- [cluster-ClusterId{value='5d8b34e4e20cc216c0cc8e46', description='null'}-localhost:27017] org.mongodb.driver.cluster               : Monitor thread successfully connected to server with description ServerDescription{address=localhost:27017, type=STANDALONE, state=CONNECTED, ok=true, version=ServerVersion{versionList=[4, 2, 0]}, minWireVersion=0, maxWireVersion=8, maxDocumentSize=16777216, logicalSessionTimeoutMinutes=30, roundTripTimeNanos=4861949}
2019-09-25 11:35:33.579  INFO 5824 --- [main] c.m.l.LoadtransactionsApplication        : Started LoadtransactionsApplication in 3.061 seconds (JVM running for 3.563)
2019-09-25 11:35:33.825  INFO 5824 --- [main] .s.d.r.c.RepositoryConfigurationDelegate : Bootstrapping Spring Data repositories in DEFAULT mode.
2019-09-25 11:35:33.842  INFO 5824 --- [main] .s.d.r.c.RepositoryConfigurationDelegate : Finished Spring Data repository scanning in 17ms. Found 1 repository interfaces.
2019-09-25 11:35:33.913  INFO 5824 --- [main] org.mongodb.driver.cluster               : Cluster created with settings {hosts=[localhost:27017], mode=SINGLE, requiredClusterType=UNKNOWN, serverSelectionTimeout='30000 ms', maxWaitQueueSize=500}
2019-09-25 11:35:33.972  INFO 5824 --- [cluster-ClusterId{value='5d8b34e5e20cc216c0cc8e47', description='null'}-localhost:27017] org.mongodb.driver.connection            : Opened connection [connectionId{localValue:2, serverValue:301}] to localhost:27017
2019-09-25 11:35:33.990  INFO 5824 --- [cluster-ClusterId{value='5d8b34e5e20cc216c0cc8e47', description='null'}-localhost:27017] org.mongodb.driver.cluster               : Monitor thread successfully connected to server with description ServerDescription{address=localhost:27017, type=STANDALONE, state=CONNECTED, ok=true, version=ServerVersion{versionList=[4, 2, 0]}, minWireVersion=0, maxWireVersion=8, maxDocumentSize=16777216, logicalSessionTimeoutMinutes=30, roundTripTimeNanos=17209443}
2019-09-25 11:36:29.261  INFO 5008 --- [main] c.m.l.LoadtransactionsApplication        : Starting LoadtransactionsApplication on Viktor-Dell with PID 5008 (C:\Users\ulku\Documents\domaci_ukol_java\loadtransactions\target\classes started by ulku in C:\Users\ulku\Documents\domaci_ukol_java\loadtransactions)
2019-09-25 11:36:29.267  INFO 5008 --- [main] c.m.l.LoadtransactionsApplication        : No active profile set, falling back to default profiles: default
2019-09-25 11:36:29.812  INFO 5008 --- [main] .s.d.r.c.RepositoryConfigurationDelegate : Bootstrapping Spring Data repositories in DEFAULT mode.
2019-09-25 11:36:29.921  INFO 5008 --- [main] .s.d.r.c.RepositoryConfigurationDelegate : Finished Spring Data repository scanning in 100ms. Found 1 repository interfaces.
2019-09-25 11:36:30.992  INFO 5008 --- [main] org.mongodb.driver.cluster               : Cluster created with settings {hosts=[localhost:27017], mode=SINGLE, requiredClusterType=UNKNOWN, serverSelectionTimeout='30000 ms', maxWaitQueueSize=500}
2019-09-25 11:36:31.102  INFO 5008 --- [cluster-ClusterId{value='5d8b351ee20cc21390b3a454', description='null'}-localhost:27017] org.mongodb.driver.connection            : Opened connection [connectionId{localValue:1, serverValue:304}] to localhost:27017
2019-09-25 11:36:31.119  INFO 5008 --- [cluster-ClusterId{value='5d8b351ee20cc21390b3a454', description='null'}-localhost:27017] org.mongodb.driver.cluster               : Monitor thread successfully connected to server with description ServerDescription{address=localhost:27017, type=STANDALONE, state=CONNECTED, ok=true, version=ServerVersion{versionList=[4, 2, 0]}, minWireVersion=0, maxWireVersion=8, maxDocumentSize=16777216, logicalSessionTimeoutMinutes=30, roundTripTimeNanos=11560020}
2019-09-25 11:36:31.723  INFO 5008 --- [main] c.m.l.LoadtransactionsApplication        : Started LoadtransactionsApplication in 2.935 seconds (JVM running for 3.472)
2019-09-25 11:36:31.880  INFO 5008 --- [main] .s.d.r.c.RepositoryConfigurationDelegate : Bootstrapping Spring Data repositories in DEFAULT mode.
2019-09-25 11:36:31.897  INFO 5008 --- [main] .s.d.r.c.RepositoryConfigurationDelegate : Finished Spring Data repository scanning in 17ms. Found 1 repository interfaces.
2019-09-25 11:36:31.962  INFO 5008 --- [main] org.mongodb.driver.cluster               : Cluster created with settings {hosts=[localhost:27017], mode=SINGLE, requiredClusterType=UNKNOWN, serverSelectionTimeout='30000 ms', maxWaitQueueSize=500}
2019-09-25 11:36:31.978  INFO 5008 --- [cluster-ClusterId{value='5d8b351fe20cc21390b3a455', description='null'}-localhost:27017] org.mongodb.driver.connection            : Opened connection [connectionId{localValue:2, serverValue:305}] to localhost:27017
2019-09-25 11:36:31.985  INFO 5008 --- [cluster-ClusterId{value='5d8b351fe20cc21390b3a455', description='null'}-localhost:27017] org.mongodb.driver.cluster               : Monitor thread successfully connected to server with description ServerDescription{address=localhost:27017, type=STANDALONE, state=CONNECTED, ok=true, version=ServerVersion{versionList=[4, 2, 0]}, minWireVersion=0, maxWireVersion=8, maxDocumentSize=16777216, logicalSessionTimeoutMinutes=30, roundTripTimeNanos=6747856}
2019-09-25 11:40:58.068  INFO 2708 --- [main] c.m.l.LoadtransactionsApplication        : Starting LoadtransactionsApplication on Viktor-Dell with PID 2708 (C:\Users\ulku\Documents\domaci_ukol_java\loadtransactions\target\classes started by ulku in C:\Users\ulku\Documents\domaci_ukol_java\loadtransactions)
2019-09-25 11:40:58.071  INFO 2708 --- [main] c.m.l.LoadtransactionsApplication        : No active profile set, falling back to default profiles: default
2019-09-25 11:40:58.624  INFO 2708 --- [main] .s.d.r.c.RepositoryConfigurationDelegate : Bootstrapping Spring Data repositories in DEFAULT mode.
2019-09-25 11:40:58.725  INFO 2708 --- [main] .s.d.r.c.RepositoryConfigurationDelegate : Finished Spring Data repository scanning in 94ms. Found 1 repository interfaces.
2019-09-25 11:40:59.845  INFO 2708 --- [main] org.mongodb.driver.cluster               : Cluster created with settings {hosts=[localhost:27017], mode=SINGLE, requiredClusterType=UNKNOWN, serverSelectionTimeout='30000 ms', maxWaitQueueSize=500}
2019-09-25 11:40:59.942  INFO 2708 --- [cluster-ClusterId{value='5d8b362be20cc20a94bab0df', description='null'}-localhost:27017] org.mongodb.driver.connection            : Opened connection [connectionId{localValue:1, serverValue:318}] to localhost:27017
2019-09-25 11:40:59.951  INFO 2708 --- [cluster-ClusterId{value='5d8b362be20cc20a94bab0df', description='null'}-localhost:27017] org.mongodb.driver.cluster               : Monitor thread successfully connected to server with description ServerDescription{address=localhost:27017, type=STANDALONE, state=CONNECTED, ok=true, version=ServerVersion{versionList=[4, 2, 0]}, minWireVersion=0, maxWireVersion=8, maxDocumentSize=16777216, logicalSessionTimeoutMinutes=30, roundTripTimeNanos=7037873}
2019-09-25 11:41:00.526  INFO 2708 --- [main] c.m.l.LoadtransactionsApplication        : Started LoadtransactionsApplication in 2.929 seconds (JVM running for 3.523)
2019-09-25 11:41:00.685  INFO 2708 --- [main] .s.d.r.c.RepositoryConfigurationDelegate : Bootstrapping Spring Data repositories in DEFAULT mode.
2019-09-25 11:41:00.706  INFO 2708 --- [main] .s.d.r.c.RepositoryConfigurationDelegate : Finished Spring Data repository scanning in 20ms. Found 1 repository interfaces.
2019-09-25 11:41:00.784  INFO 2708 --- [main] org.mongodb.driver.cluster               : Cluster created with settings {hosts=[localhost:27017], mode=SINGLE, requiredClusterType=UNKNOWN, serverSelectionTimeout='30000 ms', maxWaitQueueSize=500}
2019-09-25 11:41:00.794  INFO 2708 --- [cluster-ClusterId{value='5d8b362ce20cc20a94bab0e0', description='null'}-localhost:27017] org.mongodb.driver.connection            : Opened connection [connectionId{localValue:2, serverValue:319}] to localhost:27017
2019-09-25 11:41:00.796  INFO 2708 --- [cluster-ClusterId{value='5d8b362ce20cc20a94bab0e0', description='null'}-localhost:27017] org.mongodb.driver.cluster               : Monitor thread successfully connected to server with description ServerDescription{address=localhost:27017, type=STANDALONE, state=CONNECTED, ok=true, version=ServerVersion{versionList=[4, 2, 0]}, minWireVersion=0, maxWireVersion=8, maxDocumentSize=16777216, logicalSessionTimeoutMinutes=30, roundTripTimeNanos=1384895}
2019-09-25 11:41:01.052  INFO 2708 --- [main] org.mongodb.driver.connection            : Opened connection [connectionId{localValue:3, serverValue:320}] to localhost:27017
2019-09-25 11:48:41.898  INFO 5664 --- [main] c.m.l.LoadtransactionsApplication        : Starting LoadtransactionsApplication on Viktor-Dell with PID 5664 (C:\Users\ulku\Documents\domaci_ukol_java\loadtransactions\target\classes started by ulku in C:\Users\ulku\Documents\domaci_ukol_java\loadtransactions)
2019-09-25 11:48:41.904  INFO 5664 --- [main] c.m.l.LoadtransactionsApplication        : No active profile set, falling back to default profiles: default
2019-09-25 11:48:42.508  INFO 5664 --- [main] .s.d.r.c.RepositoryConfigurationDelegate : Bootstrapping Spring Data repositories in DEFAULT mode.
2019-09-25 11:48:42.664  INFO 5664 --- [main] .s.d.r.c.RepositoryConfigurationDelegate : Finished Spring Data repository scanning in 143ms. Found 1 repository interfaces.
2019-09-25 11:48:43.700  INFO 5664 --- [main] org.mongodb.driver.cluster               : Cluster created with settings {hosts=[localhost:27017], mode=SINGLE, requiredClusterType=UNKNOWN, serverSelectionTimeout='30000 ms', maxWaitQueueSize=500}
2019-09-25 11:48:43.794  INFO 5664 --- [cluster-ClusterId{value='5d8b37fbe20cc21620b78022', description='null'}-localhost:27017] org.mongodb.driver.connection            : Opened connection [connectionId{localValue:1, serverValue:339}] to localhost:27017
2019-09-25 11:48:43.877  INFO 5664 --- [cluster-ClusterId{value='5d8b37fbe20cc21620b78022', description='null'}-localhost:27017] org.mongodb.driver.cluster               : Monitor thread successfully connected to server with description ServerDescription{address=localhost:27017, type=STANDALONE, state=CONNECTED, ok=true, version=ServerVersion{versionList=[4, 2, 0]}, minWireVersion=0, maxWireVersion=8, maxDocumentSize=16777216, logicalSessionTimeoutMinutes=30, roundTripTimeNanos=68924698}
2019-09-25 11:48:44.625  INFO 5664 --- [main] c.m.l.LoadtransactionsApplication        : Started LoadtransactionsApplication in 3.205 seconds (JVM running for 3.732)
2019-09-25 11:48:44.811  INFO 5664 --- [main] .s.d.r.c.RepositoryConfigurationDelegate : Bootstrapping Spring Data repositories in DEFAULT mode.
2019-09-25 11:48:44.833  INFO 5664 --- [main] .s.d.r.c.RepositoryConfigurationDelegate : Finished Spring Data repository scanning in 21ms. Found 1 repository interfaces.
2019-09-25 11:48:44.916  INFO 5664 --- [main] org.mongodb.driver.cluster               : Cluster created with settings {hosts=[localhost:27017], mode=SINGLE, requiredClusterType=UNKNOWN, serverSelectionTimeout='30000 ms', maxWaitQueueSize=500}
2019-09-25 11:48:44.949  INFO 5664 --- [cluster-ClusterId{value='5d8b37fce20cc21620b78023', description='null'}-localhost:27017] org.mongodb.driver.connection            : Opened connection [connectionId{localValue:2, serverValue:340}] to localhost:27017
2019-09-25 11:48:44.972  INFO 5664 --- [cluster-ClusterId{value='5d8b37fce20cc21620b78023', description='null'}-localhost:27017] org.mongodb.driver.cluster               : Monitor thread successfully connected to server with description ServerDescription{address=localhost:27017, type=STANDALONE, state=CONNECTED, ok=true, version=ServerVersion{versionList=[4, 2, 0]}, minWireVersion=0, maxWireVersion=8, maxDocumentSize=16777216, logicalSessionTimeoutMinutes=30, roundTripTimeNanos=20608659}
2019-09-25 11:48:45.200  INFO 5664 --- [main] org.mongodb.driver.connection            : Opened connection [connectionId{localValue:3, serverValue:341}] to localhost:27017
2019-09-25 11:48:45.513  INFO 5664 --- [main] org.mongodb.driver.connection            : Closed connection [connectionId{localValue:3, serverValue:341}] to localhost:27017 because the pool has been closed.
2019-09-25 14:15:57.991  INFO 6708 --- [main] c.m.l.LoadtransactionsApplication        : Starting LoadtransactionsApplication on Viktor-Dell with PID 6708 (C:\Users\ulku\Documents\domaci_ukol_java\loadtransactions\target\classes started by ulku in C:\Users\ulku\Documents\domaci_ukol_java\loadtransactions)
2019-09-25 14:15:57.994  INFO 6708 --- [main] c.m.l.LoadtransactionsApplication        : No active profile set, falling back to default profiles: default
2019-09-25 14:15:58.686  INFO 6708 --- [main] .s.d.r.c.RepositoryConfigurationDelegate : Bootstrapping Spring Data repositories in DEFAULT mode.
2019-09-25 14:15:58.816  INFO 6708 --- [main] .s.d.r.c.RepositoryConfigurationDelegate : Finished Spring Data repository scanning in 120ms. Found 1 repository interfaces.
2019-09-25 14:16:00.142  INFO 6708 --- [main] org.mongodb.driver.cluster               : Cluster created with settings {hosts=[localhost:27017], mode=SINGLE, requiredClusterType=UNKNOWN, serverSelectionTimeout='30000 ms', maxWaitQueueSize=500}
2019-09-25 14:16:00.254  INFO 6708 --- [cluster-ClusterId{value='5d8b5a803995081a347939a6', description='null'}-localhost:27017] org.mongodb.driver.connection            : Opened connection [connectionId{localValue:1, serverValue:349}] to localhost:27017
2019-09-25 14:16:00.262  INFO 6708 --- [cluster-ClusterId{value='5d8b5a803995081a347939a6', description='null'}-localhost:27017] org.mongodb.driver.cluster               : Monitor thread successfully connected to server with description ServerDescription{address=localhost:27017, type=STANDALONE, state=CONNECTED, ok=true, version=ServerVersion{versionList=[4, 2, 0]}, minWireVersion=0, maxWireVersion=8, maxDocumentSize=16777216, logicalSessionTimeoutMinutes=30, roundTripTimeNanos=5103367}
2019-09-25 14:16:00.878  INFO 6708 --- [main] c.m.l.LoadtransactionsApplication        : Started LoadtransactionsApplication in 3.376 seconds (JVM running for 3.951)
2019-09-25 14:16:01.038  INFO 6708 --- [main] .s.d.r.c.RepositoryConfigurationDelegate : Bootstrapping Spring Data repositories in DEFAULT mode.
2019-09-25 14:16:01.058  INFO 6708 --- [main] .s.d.r.c.RepositoryConfigurationDelegate : Finished Spring Data repository scanning in 20ms. Found 1 repository interfaces.
2019-09-25 14:16:01.123  INFO 6708 --- [main] org.mongodb.driver.cluster               : Cluster created with settings {hosts=[localhost:27017], mode=SINGLE, requiredClusterType=UNKNOWN, serverSelectionTimeout='30000 ms', maxWaitQueueSize=500}
2019-09-25 14:16:01.132  INFO 6708 --- [cluster-ClusterId{value='5d8b5a813995081a347939a7', description='null'}-localhost:27017] org.mongodb.driver.connection            : Opened connection [connectionId{localValue:2, serverValue:350}] to localhost:27017
2019-09-25 14:16:01.134  INFO 6708 --- [cluster-ClusterId{value='5d8b5a813995081a347939a7', description='null'}-localhost:27017] org.mongodb.driver.cluster               : Monitor thread successfully connected to server with description ServerDescription{address=localhost:27017, type=STANDALONE, state=CONNECTED, ok=true, version=ServerVersion{versionList=[4, 2, 0]}, minWireVersion=0, maxWireVersion=8, maxDocumentSize=16777216, logicalSessionTimeoutMinutes=30, roundTripTimeNanos=1451275}
2019-09-25 14:16:01.384  INFO 6708 --- [main] org.mongodb.driver.connection            : Opened connection [connectionId{localValue:3, serverValue:351}] to localhost:27017
2019-09-25 14:16:01.406  INFO 6708 --- [main] org.mongodb.driver.connection            : Closed connection [connectionId{localValue:3, serverValue:351}] to localhost:27017 because the pool has been closed.
2019-09-25 14:26:23.433  INFO 6696 --- [main] c.m.l.LoadtransactionsApplication        : Starting LoadtransactionsApplication on Viktor-Dell with PID 6696 (C:\Users\ulku\Documents\domaci_ukol_java\loadtransactions\target\classes started by ulku in C:\Users\ulku\Documents\domaci_ukol_java\loadtransactions)
2019-09-25 14:26:23.436  INFO 6696 --- [main] c.m.l.LoadtransactionsApplication        : No active profile set, falling back to default profiles: default
2019-09-25 14:26:23.981  INFO 6696 --- [main] .s.d.r.c.RepositoryConfigurationDelegate : Bootstrapping Spring Data repositories in DEFAULT mode.
2019-09-25 14:26:24.080  INFO 6696 --- [main] .s.d.r.c.RepositoryConfigurationDelegate : Finished Spring Data repository scanning in 93ms. Found 1 repository interfaces.
2019-09-25 14:26:25.044  INFO 6696 --- [main] org.mongodb.driver.cluster               : Cluster created with settings {hosts=[localhost:27017], mode=SINGLE, requiredClusterType=UNKNOWN, serverSelectionTimeout='30000 ms', maxWaitQueueSize=500}
2019-09-25 14:26:25.129  INFO 6696 --- [cluster-ClusterId{value='5d8b5cf03995081a28270a1e', description='null'}-localhost:27017] org.mongodb.driver.connection            : Opened connection [connectionId{localValue:1, serverValue:368}] to localhost:27017
2019-09-25 14:26:25.148  INFO 6696 --- [cluster-ClusterId{value='5d8b5cf03995081a28270a1e', description='null'}-localhost:27017] org.mongodb.driver.cluster               : Monitor thread successfully connected to server with description ServerDescription{address=localhost:27017, type=STANDALONE, state=CONNECTED, ok=true, version=ServerVersion{versionList=[4, 2, 0]}, minWireVersion=0, maxWireVersion=8, maxDocumentSize=16777216, logicalSessionTimeoutMinutes=30, roundTripTimeNanos=17062063}
2019-09-25 14:26:25.717  INFO 6696 --- [main] c.m.l.LoadtransactionsApplication        : Started LoadtransactionsApplication in 2.743 seconds (JVM running for 3.244)
2019-09-25 14:26:25.890  INFO 6696 --- [main] .s.d.r.c.RepositoryConfigurationDelegate : Bootstrapping Spring Data repositories in DEFAULT mode.
2019-09-25 14:26:25.911  INFO 6696 --- [main] .s.d.r.c.RepositoryConfigurationDelegate : Finished Spring Data repository scanning in 20ms. Found 1 repository interfaces.
2019-09-25 14:26:25.979  INFO 6696 --- [main] org.mongodb.driver.cluster               : Cluster created with settings {hosts=[localhost:27017], mode=SINGLE, requiredClusterType=UNKNOWN, serverSelectionTimeout='30000 ms', maxWaitQueueSize=500}
2019-09-25 14:26:26.031  INFO 6696 --- [cluster-ClusterId{value='5d8b5cf13995081a28270a1f', description='null'}-localhost:27017] org.mongodb.driver.connection            : Opened connection [connectionId{localValue:2, serverValue:369}] to localhost:27017
2019-09-25 14:26:26.065  INFO 6696 --- [cluster-ClusterId{value='5d8b5cf13995081a28270a1f', description='null'}-localhost:27017] org.mongodb.driver.cluster               : Monitor thread successfully connected to server with description ServerDescription{address=localhost:27017, type=STANDALONE, state=CONNECTED, ok=true, version=ServerVersion{versionList=[4, 2, 0]}, minWireVersion=0, maxWireVersion=8, maxDocumentSize=16777216, logicalSessionTimeoutMinutes=30, roundTripTimeNanos=33004751}
2019-09-25 14:26:26.284  INFO 6696 --- [main] org.mongodb.driver.connection            : Opened connection [connectionId{localValue:3, serverValue:370}] to localhost:27017
2019-09-25 14:26:26.507  INFO 6696 --- [main] org.mongodb.driver.connection            : Closed connection [connectionId{localValue:3, serverValue:370}] to localhost:27017 because the pool has been closed.
2019-09-25 14:31:03.468  INFO 4648 --- [main] c.m.l.LoadtransactionsApplication        : Starting LoadtransactionsApplication on Viktor-Dell with PID 4648 (C:\Users\ulku\Documents\domaci_ukol_java\loadtransactions\target\classes started by ulku in C:\Users\ulku\Documents\domaci_ukol_java\loadtransactions)
2019-09-25 14:31:03.471  INFO 4648 --- [main] c.m.l.LoadtransactionsApplication        : No active profile set, falling back to default profiles: default
2019-09-25 14:31:04.104  INFO 4648 --- [main] .s.d.r.c.RepositoryConfigurationDelegate : Bootstrapping Spring Data repositories in DEFAULT mode.
2019-09-25 14:31:04.223  INFO 4648 --- [main] .s.d.r.c.RepositoryConfigurationDelegate : Finished Spring Data repository scanning in 112ms. Found 1 repository interfaces.
2019-09-25 14:31:05.204  INFO 4648 --- [main] org.mongodb.driver.cluster               : Cluster created with settings {hosts=[localhost:27017], mode=SINGLE, requiredClusterType=UNKNOWN, serverSelectionTimeout='30000 ms', maxWaitQueueSize=500}
2019-09-25 14:31:05.281  INFO 4648 --- [cluster-ClusterId{value='5d8b5e093995081228979b60', description='null'}-localhost:27017] org.mongodb.driver.connection            : Opened connection [connectionId{localValue:1, serverValue:384}] to localhost:27017
2019-09-25 14:31:05.295  INFO 4648 --- [cluster-ClusterId{value='5d8b5e093995081228979b60', description='null'}-localhost:27017] org.mongodb.driver.cluster               : Monitor thread successfully connected to server with description ServerDescription{address=localhost:27017, type=STANDALONE, state=CONNECTED, ok=true, version=ServerVersion{versionList=[4, 2, 0]}, minWireVersion=0, maxWireVersion=8, maxDocumentSize=16777216, logicalSessionTimeoutMinutes=30, roundTripTimeNanos=11826726}
2019-09-25 14:31:05.891  INFO 4648 --- [main] c.m.l.LoadtransactionsApplication        : Started LoadtransactionsApplication in 2.894 seconds (JVM running for 3.477)
2019-09-25 14:31:06.066  INFO 4648 --- [main] .s.d.r.c.RepositoryConfigurationDelegate : Bootstrapping Spring Data repositories in DEFAULT mode.
2019-09-25 14:31:06.085  INFO 4648 --- [main] .s.d.r.c.RepositoryConfigurationDelegate : Finished Spring Data repository scanning in 19ms. Found 1 repository interfaces.
2019-09-25 14:31:06.149  INFO 4648 --- [main] org.mongodb.driver.cluster               : Cluster created with settings {hosts=[localhost:27017], mode=SINGLE, requiredClusterType=UNKNOWN, serverSelectionTimeout='30000 ms', maxWaitQueueSize=500}
2019-09-25 14:31:06.160  INFO 4648 --- [cluster-ClusterId{value='5d8b5e0a3995081228979b61', description='null'}-localhost:27017] org.mongodb.driver.connection            : Opened connection [connectionId{localValue:2, serverValue:385}] to localhost:27017
2019-09-25 14:31:06.162  INFO 4648 --- [cluster-ClusterId{value='5d8b5e0a3995081228979b61', description='null'}-localhost:27017] org.mongodb.driver.cluster               : Monitor thread successfully connected to server with description ServerDescription{address=localhost:27017, type=STANDALONE, state=CONNECTED, ok=true, version=ServerVersion{versionList=[4, 2, 0]}, minWireVersion=0, maxWireVersion=8, maxDocumentSize=16777216, logicalSessionTimeoutMinutes=30, roundTripTimeNanos=1589962}
2019-09-25 14:31:06.407  INFO 4648 --- [main] org.mongodb.driver.connection            : Opened connection [connectionId{localValue:3, serverValue:386}] to localhost:27017
2019-09-25 14:31:06.617  INFO 4648 --- [main] org.mongodb.driver.connection            : Closed connection [connectionId{localValue:3, serverValue:386}] to localhost:27017 because the pool has been closed.
2019-09-25 14:57:36.220  INFO 8012 --- [main] c.m.l.LoadtransactionsApplication        : Starting LoadtransactionsApplication on Viktor-Dell with PID 8012 (C:\Users\ulku\Documents\domaci_ukol_java\loadtransactions\target\classes started by ulku in C:\Users\ulku\Documents\domaci_ukol_java\loadtransactions)
2019-09-25 14:57:36.223  INFO 8012 --- [main] c.m.l.LoadtransactionsApplication        : No active profile set, falling back to default profiles: default
2019-09-25 14:57:36.775  INFO 8012 --- [main] .s.d.r.c.RepositoryConfigurationDelegate : Bootstrapping Spring Data repositories in DEFAULT mode.
2019-09-25 14:57:36.880  INFO 8012 --- [main] .s.d.r.c.RepositoryConfigurationDelegate : Finished Spring Data repository scanning in 97ms. Found 1 repository interfaces.
2019-09-25 14:57:37.894  INFO 8012 --- [main] org.mongodb.driver.cluster               : Cluster created with settings {hosts=[localhost:27017], mode=SINGLE, requiredClusterType=UNKNOWN, serverSelectionTimeout='30000 ms', maxWaitQueueSize=500}
2019-09-25 14:57:37.979  INFO 8012 --- [cluster-ClusterId{value='5d8b64413995081f4c20eaf9', description='null'}-localhost:27017] org.mongodb.driver.connection            : Opened connection [connectionId{localValue:1, serverValue:438}] to localhost:27017
2019-09-25 14:57:37.987  INFO 8012 --- [cluster-ClusterId{value='5d8b64413995081f4c20eaf9', description='null'}-localhost:27017] org.mongodb.driver.cluster               : Monitor thread successfully connected to server with description ServerDescription{address=localhost:27017, type=STANDALONE, state=CONNECTED, ok=true, version=ServerVersion{versionList=[4, 2, 0]}, minWireVersion=0, maxWireVersion=8, maxDocumentSize=16777216, logicalSessionTimeoutMinutes=30, roundTripTimeNanos=5309224}
2019-09-25 14:57:38.577  INFO 8012 --- [main] c.m.l.LoadtransactionsApplication        : Started LoadtransactionsApplication in 2.834 seconds (JVM running for 3.323)
2019-09-25 14:57:38.746  INFO 8012 --- [main] .s.d.r.c.RepositoryConfigurationDelegate : Bootstrapping Spring Data repositories in DEFAULT mode.
2019-09-25 14:57:38.766  INFO 8012 --- [main] .s.d.r.c.RepositoryConfigurationDelegate : Finished Spring Data repository scanning in 20ms. Found 1 repository interfaces.
2019-09-25 14:57:38.853  INFO 8012 --- [main] org.mongodb.driver.cluster               : Cluster created with settings {hosts=[localhost:27017], mode=SINGLE, requiredClusterType=UNKNOWN, serverSelectionTimeout='30000 ms', maxWaitQueueSize=500}
2019-09-25 14:57:38.871  INFO 8012 --- [cluster-ClusterId{value='5d8b64423995081f4c20eafa', description='null'}-localhost:27017] org.mongodb.driver.connection            : Opened connection [connectionId{localValue:2, serverValue:439}] to localhost:27017
2019-09-25 14:57:38.874  INFO 8012 --- [cluster-ClusterId{value='5d8b64423995081f4c20eafa', description='null'}-localhost:27017] org.mongodb.driver.cluster               : Monitor thread successfully connected to server with description ServerDescription{address=localhost:27017, type=STANDALONE, state=CONNECTED, ok=true, version=ServerVersion{versionList=[4, 2, 0]}, minWireVersion=0, maxWireVersion=8, maxDocumentSize=16777216, logicalSessionTimeoutMinutes=30, roundTripTimeNanos=1473402}
2019-09-25 14:57:39.140  INFO 8012 --- [main] org.mongodb.driver.connection            : Opened connection [connectionId{localValue:3, serverValue:440}] to localhost:27017
2019-09-25 14:57:39.169  INFO 8012 --- [main] org.mongodb.driver.connection            : Closed connection [connectionId{localValue:3, serverValue:440}] to localhost:27017 because the pool has been closed.
2019-09-25 15:06:30.113  INFO 3856 --- [main] c.m.l.LoadtransactionsApplicationTests   : Starting LoadtransactionsApplicationTests on Viktor-Dell with PID 3856 (started by ulku in C:\Users\ulku\Documents\domaci_ukol_java\loadtransactions)
2019-09-25 15:06:30.116  INFO 3856 --- [main] c.m.l.LoadtransactionsApplicationTests   : No active profile set, falling back to default profiles: default
2019-09-25 15:06:30.704  INFO 3856 --- [main] .s.d.r.c.RepositoryConfigurationDelegate : Bootstrapping Spring Data repositories in DEFAULT mode.
2019-09-25 15:06:30.786  INFO 3856 --- [main] .s.d.r.c.RepositoryConfigurationDelegate : Finished Spring Data repository scanning in 75ms. Found 1 repository interfaces.
2019-09-25 15:06:31.844  INFO 3856 --- [main] org.mongodb.driver.cluster               : Cluster created with settings {hosts=[localhost:27017], mode=SINGLE, requiredClusterType=UNKNOWN, serverSelectionTimeout='30000 ms', maxWaitQueueSize=500}
2019-09-25 15:06:31.961  INFO 3856 --- [cluster-ClusterId{value='5d8b66573995080f107fc510', description='null'}-localhost:27017] org.mongodb.driver.connection            : Opened connection [connectionId{localValue:1, serverValue:457}] to localhost:27017
2019-09-25 15:06:31.969  INFO 3856 --- [cluster-ClusterId{value='5d8b66573995080f107fc510', description='null'}-localhost:27017] org.mongodb.driver.cluster               : Monitor thread successfully connected to server with description ServerDescription{address=localhost:27017, type=STANDALONE, state=CONNECTED, ok=true, version=ServerVersion{versionList=[4, 2, 0]}, minWireVersion=0, maxWireVersion=8, maxDocumentSize=16777216, logicalSessionTimeoutMinutes=30, roundTripTimeNanos=5189504}
2019-09-25 15:06:32.599  INFO 3856 --- [main] c.m.l.LoadtransactionsApplicationTests   : Started LoadtransactionsApplicationTests in 2.86 seconds (JVM running for 4.339)
2019-09-25 15:11:32.266  INFO 7032 --- [main] c.m.l.LoadtransactionsApplicationTests   : Starting LoadtransactionsApplicationTests on Viktor-Dell with PID 7032 (started by ulku in C:\Users\ulku\Documents\domaci_ukol_java\loadtransactions)
2019-09-25 15:11:32.272  INFO 7032 --- [main] c.m.l.LoadtransactionsApplicationTests   : No active profile set, falling back to default profiles: default
2019-09-25 15:11:32.824  INFO 7032 --- [main] .s.d.r.c.RepositoryConfigurationDelegate : Bootstrapping Spring Data repositories in DEFAULT mode.
2019-09-25 15:11:32.923  INFO 7032 --- [main] .s.d.r.c.RepositoryConfigurationDelegate : Finished Spring Data repository scanning in 93ms. Found 1 repository interfaces.
2019-09-25 15:11:34.291  INFO 7032 --- [main] org.mongodb.driver.cluster               : Cluster created with settings {hosts=[localhost:27017], mode=SINGLE, requiredClusterType=UNKNOWN, serverSelectionTimeout='30000 ms', maxWaitQueueSize=500}
2019-09-25 15:11:34.539  INFO 7032 --- [cluster-ClusterId{value='5d8b67863995081b78b355a8', description='null'}-localhost:27017] org.mongodb.driver.connection            : Opened connection [connectionId{localValue:1, serverValue:467}] to localhost:27017
2019-09-25 15:11:34.558  INFO 7032 --- [cluster-ClusterId{value='5d8b67863995081b78b355a8', description='null'}-localhost:27017] org.mongodb.driver.cluster               : Monitor thread successfully connected to server with description ServerDescription{address=localhost:27017, type=STANDALONE, state=CONNECTED, ok=true, version=ServerVersion{versionList=[4, 2, 0]}, minWireVersion=0, maxWireVersion=8, maxDocumentSize=16777216, logicalSessionTimeoutMinutes=30, roundTripTimeNanos=15412833}
2019-09-25 15:11:35.432  INFO 7032 --- [main] c.m.l.LoadtransactionsApplicationTests   : Started LoadtransactionsApplicationTests in 3.565 seconds (JVM running for 5.002)
2019-09-25 15:13:18.837  INFO 4744 --- [main] c.m.l.LoadtransactionsApplicationTests   : Starting LoadtransactionsApplicationTests on Viktor-Dell with PID 4744 (started by ulku in C:\Users\ulku\Documents\domaci_ukol_java\loadtransactions)
2019-09-25 15:13:18.843  INFO 4744 --- [main] c.m.l.LoadtransactionsApplicationTests   : No active profile set, falling back to default profiles: default
2019-09-25 15:13:19.351  INFO 4744 --- [main] .s.d.r.c.RepositoryConfigurationDelegate : Bootstrapping Spring Data repositories in DEFAULT mode.
2019-09-25 15:13:19.436  INFO 4744 --- [main] .s.d.r.c.RepositoryConfigurationDelegate : Finished Spring Data repository scanning in 79ms. Found 1 repository interfaces.
2019-09-25 15:13:20.479  INFO 4744 --- [main] org.mongodb.driver.cluster               : Cluster created with settings {hosts=[localhost:27017], mode=SINGLE, requiredClusterType=UNKNOWN, serverSelectionTimeout='30000 ms', maxWaitQueueSize=500}
2019-09-25 15:13:20.607  INFO 4744 --- [cluster-ClusterId{value='5d8b67f03995081288e350ad', description='null'}-localhost:27017] org.mongodb.driver.connection            : Opened connection [connectionId{localValue:1, serverValue:472}] to localhost:27017
2019-09-25 15:13:20.614  INFO 4744 --- [cluster-ClusterId{value='5d8b67f03995081288e350ad', description='null'}-localhost:27017] org.mongodb.driver.cluster               : Monitor thread successfully connected to server with description ServerDescription{address=localhost:27017, type=STANDALONE, state=CONNECTED, ok=true, version=ServerVersion{versionList=[4, 2, 0]}, minWireVersion=0, maxWireVersion=8, maxDocumentSize=16777216, logicalSessionTimeoutMinutes=30, roundTripTimeNanos=4601960}
2019-09-25 15:13:21.265  INFO 4744 --- [main] c.m.l.LoadtransactionsApplicationTests   : Started LoadtransactionsApplicationTests in 2.884 seconds (JVM running for 4.145)
2019-09-25 15:29:10.103  INFO 5532 --- [main] c.m.l.LoadtransactionsApplicationTests   : Starting LoadtransactionsApplicationTests on Viktor-Dell with PID 5532 (started by ulku in C:\Users\ulku\Documents\domaci_ukol_java\loadtransactions)
2019-09-25 15:29:10.105  INFO 5532 --- [main] c.m.l.LoadtransactionsApplicationTests   : No active profile set, falling back to default profiles: default
2019-09-25 15:29:10.796  INFO 5532 --- [main] .s.d.r.c.RepositoryConfigurationDelegate : Bootstrapping Spring Data repositories in DEFAULT mode.
2019-09-25 15:29:10.893  INFO 5532 --- [main] .s.d.r.c.RepositoryConfigurationDelegate : Finished Spring Data repository scanning in 88ms. Found 1 repository interfaces.
2019-09-25 15:29:12.011  INFO 5532 --- [main] org.mongodb.driver.cluster               : Cluster created with settings {hosts=[localhost:27017], mode=SINGLE, requiredClusterType=UNKNOWN, serverSelectionTimeout='30000 ms', maxWaitQueueSize=500}
2019-09-25 15:29:12.145  INFO 5532 --- [cluster-ClusterId{value='5d8b6ba8399508159cdeb644', description='null'}-localhost:27017] org.mongodb.driver.connection            : Opened connection [connectionId{localValue:1, serverValue:502}] to localhost:27017
2019-09-25 15:29:12.153  INFO 5532 --- [cluster-ClusterId{value='5d8b6ba8399508159cdeb644', description='null'}-localhost:27017] org.mongodb.driver.cluster               : Monitor thread successfully connected to server with description ServerDescription{address=localhost:27017, type=STANDALONE, state=CONNECTED, ok=true, version=ServerVersion{versionList=[4, 2, 0]}, minWireVersion=0, maxWireVersion=8, maxDocumentSize=16777216, logicalSessionTimeoutMinutes=30, roundTripTimeNanos=5495326}
2019-09-25 15:29:12.867  INFO 5532 --- [main] c.m.l.LoadtransactionsApplicationTests   : Started LoadtransactionsApplicationTests in 3.32 seconds (JVM running for 4.851)
2019-09-25 15:34:38.012  INFO 8028 --- [main] c.m.l.LoadtransactionsApplication        : Starting LoadtransactionsApplication v0.0.1-SNAPSHOT on Viktor-Dell with PID 8028 (C:\Users\ulku\Documents\domaci_ukol_java\loadtransactions\target\loadtransactions-0.0.1-SNAPSHOT.jar started by ulku in C:\Users\ulku\Documents\domaci_ukol_java\loadtransactions)
2019-09-25 15:34:38.019  INFO 8028 --- [main] c.m.l.LoadtransactionsApplication        : No active profile set, falling back to default profiles: default
2019-09-25 15:34:38.668  INFO 8028 --- [main] .s.d.r.c.RepositoryConfigurationDelegate : Bootstrapping Spring Data repositories in DEFAULT mode.
2019-09-25 15:34:38.781  INFO 8028 --- [main] .s.d.r.c.RepositoryConfigurationDelegate : Finished Spring Data repository scanning in 99ms. Found 1 repository interfaces.
2019-09-25 15:34:39.932  INFO 8028 --- [main] org.mongodb.driver.cluster               : Cluster created with settings {hosts=[localhost:27017], mode=SINGLE, requiredClusterType=UNKNOWN, serverSelectionTimeout='30000 ms', maxWaitQueueSize=500}
2019-09-25 15:34:40.038  INFO 8028 --- [cluster-ClusterId{value='5d8b6cef3995081f5c415be4', description='null'}-localhost:27017] org.mongodb.driver.connection            : Opened connection [connectionId{localValue:1, serverValue:513}] to localhost:27017
2019-09-25 15:34:40.050  INFO 8028 --- [cluster-ClusterId{value='5d8b6cef3995081f5c415be4', description='null'}-localhost:27017] org.mongodb.driver.cluster               : Monitor thread successfully connected to server with description ServerDescription{address=localhost:27017, type=STANDALONE, state=CONNECTED, ok=true, version=ServerVersion{versionList=[4, 2, 0]}, minWireVersion=0, maxWireVersion=8, maxDocumentSize=16777216, logicalSessionTimeoutMinutes=30, roundTripTimeNanos=6008982}
2019-09-25 15:34:40.834  INFO 8028 --- [main] c.m.l.LoadtransactionsApplication        : Started LoadtransactionsApplication in 3.448 seconds (JVM running for 4.07)
2019-09-25 15:34:41.009  INFO 8028 --- [main] .s.d.r.c.RepositoryConfigurationDelegate : Bootstrapping Spring Data repositories in DEFAULT mode.
2019-09-25 15:34:41.024  INFO 8028 --- [main] .s.d.r.c.RepositoryConfigurationDelegate : Finished Spring Data repository scanning in 12ms. Found 1 repository interfaces.
2019-09-25 15:34:41.095  INFO 8028 --- [main] org.mongodb.driver.cluster               : Cluster created with settings {hosts=[localhost:27017], mode=SINGLE, requiredClusterType=UNKNOWN, serverSelectionTimeout='30000 ms', maxWaitQueueSize=500}
2019-09-25 15:34:41.140  INFO 8028 --- [cluster-ClusterId{value='5d8b6cf13995081f5c415be5', description='null'}-localhost:27017] org.mongodb.driver.connection            : Opened connection [connectionId{localValue:2, serverValue:514}] to localhost:27017
2019-09-25 15:34:41.147  INFO 8028 --- [cluster-ClusterId{value='5d8b6cf13995081f5c415be5', description='null'}-localhost:27017] org.mongodb.driver.cluster               : Monitor thread successfully connected to server with description ServerDescription{address=localhost:27017, type=STANDALONE, state=CONNECTED, ok=true, version=ServerVersion{versionList=[4, 2, 0]}, minWireVersion=0, maxWireVersion=8, maxDocumentSize=16777216, logicalSessionTimeoutMinutes=30, roundTripTimeNanos=1036004}
2019-09-25 15:34:41.412  INFO 8028 --- [main] org.mongodb.driver.connection            : Opened connection [connectionId{localValue:3, serverValue:515}] to localhost:27017
2019-09-25 15:34:41.438  INFO 8028 --- [main] org.mongodb.driver.connection            : Closed connection [connectionId{localValue:3, serverValue:515}] to localhost:27017 because the pool has been closed.
2019-09-25 19:20:50.116  INFO 7696 --- [main] c.m.l.LoadtransactionsApplicationTests   : Starting LoadtransactionsApplicationTests on Viktor-Dell with PID 7696 (started by ulku in C:\Users\ulku\Documents\domaci_ukol_java\loadtransactions)
2019-09-25 19:20:50.119  INFO 7696 --- [main] c.m.l.LoadtransactionsApplicationTests   : No active profile set, falling back to default profiles: default
2019-09-25 19:20:50.766  INFO 7696 --- [main] .s.d.r.c.RepositoryConfigurationDelegate : Bootstrapping Spring Data repositories in DEFAULT mode.
2019-09-25 19:20:50.851  INFO 7696 --- [main] .s.d.r.c.RepositoryConfigurationDelegate : Finished Spring Data repository scanning in 77ms. Found 1 repository interfaces.
2019-09-25 19:20:51.903  INFO 7696 --- [main] org.mongodb.driver.cluster               : Cluster created with settings {hosts=[localhost:27017], mode=SINGLE, requiredClusterType=UNKNOWN, serverSelectionTimeout='30000 ms', maxWaitQueueSize=500}
2019-09-25 19:20:52.038  INFO 7696 --- [cluster-ClusterId{value='5d8ba1f33995081e10eaacb6', description='null'}-localhost:27017] org.mongodb.driver.connection            : Opened connection [connectionId{localValue:1, serverValue:677}] to localhost:27017
2019-09-25 19:20:52.054  INFO 7696 --- [cluster-ClusterId{value='5d8ba1f33995081e10eaacb6', description='null'}-localhost:27017] org.mongodb.driver.cluster               : Monitor thread successfully connected to server with description ServerDescription{address=localhost:27017, type=STANDALONE, state=CONNECTED, ok=true, version=ServerVersion{versionList=[4, 2, 0]}, minWireVersion=0, maxWireVersion=8, maxDocumentSize=16777216, logicalSessionTimeoutMinutes=30, roundTripTimeNanos=13375595}
2019-09-25 19:20:52.803  INFO 7696 --- [main] c.m.l.LoadtransactionsApplicationTests   : Started LoadtransactionsApplicationTests in 3.236 seconds (JVM running for 4.502)
2019-09-25 19:21:18.830  INFO 6248 --- [main] c.m.l.LoadtransactionsApplicationTests   : Starting LoadtransactionsApplicationTests on Viktor-Dell with PID 6248 (started by ulku in C:\Users\ulku\Documents\domaci_ukol_java\loadtransactions)
2019-09-25 19:21:18.834  INFO 6248 --- [main] c.m.l.LoadtransactionsApplicationTests   : No active profile set, falling back to default profiles: default
2019-09-25 19:21:19.472  INFO 6248 --- [main] .s.d.r.c.RepositoryConfigurationDelegate : Bootstrapping Spring Data repositories in DEFAULT mode.
2019-09-25 19:21:19.565  INFO 6248 --- [main] .s.d.r.c.RepositoryConfigurationDelegate : Finished Spring Data repository scanning in 86ms. Found 1 repository interfaces.
2019-09-25 19:21:20.620  INFO 6248 --- [main] org.mongodb.driver.cluster               : Cluster created with settings {hosts=[localhost:27017], mode=SINGLE, requiredClusterType=UNKNOWN, serverSelectionTimeout='30000 ms', maxWaitQueueSize=500}
2019-09-25 19:21:20.832  INFO 6248 --- [cluster-ClusterId{value='5d8ba21039950818681cc864', description='null'}-localhost:27017] org.mongodb.driver.connection            : Opened connection [connectionId{localValue:1, serverValue:679}] to localhost:27017
2019-09-25 19:21:20.847  INFO 6248 --- [cluster-ClusterId{value='5d8ba21039950818681cc864', description='null'}-localhost:27017] org.mongodb.driver.cluster               : Monitor thread successfully connected to server with description ServerDescription{address=localhost:27017, type=STANDALONE, state=CONNECTED, ok=true, version=ServerVersion{versionList=[4, 2, 0]}, minWireVersion=0, maxWireVersion=8, maxDocumentSize=16777216, logicalSessionTimeoutMinutes=30, roundTripTimeNanos=10626352}
2019-09-25 19:21:21.512  INFO 6248 --- [main] c.m.l.LoadtransactionsApplicationTests   : Started LoadtransactionsApplicationTests in 3.216 seconds (JVM running for 4.475)
